VCD info: dumpfile sim.vcd opened for output.
VCD warning: $dumpvars: Package ($unit) is not dumpable with VCD.
         32 Convert 0000,         32
          0 Convert 0000,          0
         32 Convert 0000,         32
          0 Convert 0000,          0
         32 Convert 0000,         33
          0 Convert 0000,          1
         32 Convert 0000,         34
          0 Convert 0000,          2
         32 Convert 0000,         35
          0 Convert 0000,          3
         32 Convert 0000,         36
          0 Convert 0000,          4
         32 Convert 0000,         37
          0 Convert 0000,          5
         32 Convert 0000,         38
          0 Convert 0000,          6
         32 Convert 0000,         39
          0 Convert 0000,          7
         32 Convert 0000,         40
          0 Convert 0000,          8
         32 Convert 0000,         41
          0 Convert 0000,          9
         32 Convert 0000,         42
          0 Convert 0000,         10
         32 Convert 0000,         43
          0 Convert 0000,         11
         32 Convert 0000,         44
          0 Convert 0000,         12
         32 Convert 0000,         45
          0 Convert 0000,         13
         32 Convert 0000,         46
          0 Convert 0000,         14
         32 Convert 0000,         47
          0 Convert 0000,         15
         32 Convert 0001,         48
          0 Convert 0001,         16
         32 Convert 0001,         49
          0 Convert 0001,         17
         32 Convert 0001,         50
          0 Convert 0001,         18
         32 Convert 0001,         51
          0 Convert 0001,         19
         32 Convert 0001,         52
          0 Convert 0001,         20
         32 Convert 0001,         53
          0 Convert 0001,         21
         32 Convert 0001,         54
          0 Convert 0001,         22
         32 Convert 0001,         55
          0 Convert 0001,         23
         32 Convert 0001,         56
          0 Convert 0001,         24
         32 Convert 0001,         57
          0 Convert 0001,         25
         32 Convert 0001,         58
          0 Convert 0001,         26
         32 Convert 0001,         59
          0 Convert 0001,         27
         32 Convert 0001,         60
          0 Convert 0001,         28
         32 Convert 0001,         61
          0 Convert 0001,         29
         32 Convert 0001,         62
          0 Convert 0001,         30
         32 Convert 0001,         63
          0 Convert 0001,         31
         32 Convert 0000,         32
          0 Convert 0000,          0
         32 Convert 0000,         32
          0 Convert 0000,          0
         32 Convert 0000,         32
          0 Convert 0000,          0
         32 Convert 0000,         32
          0 Convert 0000,          0
         32 Convert 0000,         33
          0 Convert 0000,          1
         32 Convert 0000,         34
          0 Convert 0000,          2
         32 Convert 0000,         35
          0 Convert 0000,          3
         32 Convert 0000,         36
          0 Convert 0000,          4
         32 Convert 0000,         37
          0 Convert 0000,          5
         32 Convert 0000,         38
          0 Convert 0000,          6
         32 Convert 0000,         39
          0 Convert 0000,          7
         32 Convert 0000,         40
          0 Convert 0000,          8
         32 Convert 0000,         41
          0 Convert 0000,          9
         32 Convert 0000,         42
          0 Convert 0000,         10
         32 Convert 0000,         43
          0 Convert 0000,         11
         32 Convert 0000,         44
          0 Convert 0000,         12
         32 Convert 0000,         45
          0 Convert 0000,         13
         32 Convert 0000,         46
          0 Convert 0000,         14
         32 Convert 0000,         47
          0 Convert 0000,         15
         32 Convert 0001,         48
          0 Convert 0001,         16
         32 Convert 0001,         49
          0 Convert 0001,         17
         32 Convert 0001,         50
          0 Convert 0001,         18
         32 Convert 0001,         51
          0 Convert 0001,         19
         32 Convert 0001,         52
          0 Convert 0001,         20
         32 Convert 0001,         53
          0 Convert 0001,         21
         32 Convert 0001,         54
          0 Convert 0001,         22
         32 Convert 0001,         55
          0 Convert 0001,         23
         32 Convert 0001,         56
          0 Convert 0001,         24
         32 Convert 0001,         57
          0 Convert 0001,         25
         32 Convert 0001,         58
          0 Convert 0001,         26
         32 Convert 0001,         59
          0 Convert 0001,         27
         32 Convert 0001,         60
          0 Convert 0001,         28
         32 Convert 0001,         61
          0 Convert 0001,         29
         32 Convert 0001,         62
          0 Convert 0001,         30
         32 Convert 0001,         63
          0 Convert 0001,         31
         32 Convert 0000,         32
          0 Convert 0000,          0
mainTB.v:151: $finish called at 366135000 (1ps)
